<?xml version="1.0" encoding="UTF-8"?>
<!-- Generated by org.testng.reporters.JUnitReportReporter -->
<testsuite hostname="ENVY" failures="0" tests="3" name="com.Test.HomePageTest" time="24.535" errors="0" timestamp="2022-05-03T12:38:12 CDT" skipped="0">
  <testcase classname="com.Test.HomePageTest" name="aboutUsPresent" time="10.064"/>
  <system-out/>
  <testcase classname="com.Test.HomePageTest" name="clickOnCareersTest" time="9.705"/>
  <system-out/>
  <testcase classname="com.Test.HomePageTest" name="pageTitleTest" time="4.766"/>
  <system-out/>
</testsuite> <!-- com.Test.HomePageTest -->
